[2025-02-10T15:28:43.813632+00:00] config.INFO: Database connection established. {"host":"mysql","dbname":"novelists_db"} []
[2025-02-10T15:28:45.568965+00:00] user_registration.INFO: Email sent successfully. {"to":"giacomomaldarella9@gmail.com"} []
[2025-02-10T15:28:55.992443+00:00] config.INFO: Database connection established. {"host":"mysql","dbname":"novelists_db"} []
[2025-02-10T15:28:55.995720+00:00] verify.INFO: Email verified successfully. {"email":"giacomomaldarella9@gmail.com"} []
[2025-02-10T15:29:04.071864+00:00] config.INFO: Database connection established. {"host":"mysql","dbname":"novelists_db"} []
[2025-02-10T15:29:12.954536+00:00] config.INFO: Database connection established. {"host":"mysql","dbname":"novelists_db"} []
[2025-02-10T15:29:13.222778+00:00] user_login.INFO: User logged in successfully. {"username":"aaa","ip":"172.18.0.1"} []
[2025-02-10T15:29:13.233295+00:00] config.INFO: Database connection established. {"host":"mysql","dbname":"novelists_db"} []
[2025-02-10T15:29:15.068337+00:00] config.INFO: Database connection established. {"host":"mysql","dbname":"novelists_db"} []
[2025-02-10T15:29:15.072781+00:00] user_dashboard.INFO: User novels fetched {"user_id":3,"novels_count":0} []
[2025-02-10T15:29:39.188667+00:00] config.INFO: Database connection established. {"host":"mysql","dbname":"novelists_db"} []
[2025-02-10T15:29:39.191732+00:00] user_dashboard.INFO: User novels fetched {"user_id":3,"novels_count":0} []
[2025-02-10T15:38:49.598618+00:00] config.INFO: Database connection established. {"host":"mysql","dbname":"novelists_db"} []
[2025-02-10T15:38:49.860120+00:00] user_login.INFO: User logged in successfully. {"username":"aaa","ip":"172.18.0.1"} []
[2025-02-10T15:38:49.871927+00:00] config.INFO: Database connection established. {"host":"mysql","dbname":"novelists_db"} []
[2025-02-10T15:38:51.705039+00:00] config.INFO: Database connection established. {"host":"mysql","dbname":"novelists_db"} []
[2025-02-10T15:38:51.707595+00:00] user_dashboard.INFO: User novels fetched {"user_id":3,"novels_count":0} []
[2025-02-10T15:38:59.276104+00:00] config.INFO: Database connection established. {"host":"mysql","dbname":"novelists_db"} []
[2025-02-10T15:38:59.283279+00:00] config.INFO: Novel uploaded successfully. {"author_id":3,"title":"fds","username":"aaa","ip":"172.18.0.1"} []
[2025-02-10T15:38:59.292430+00:00] config.INFO: Database connection established. {"host":"mysql","dbname":"novelists_db"} []
[2025-02-10T15:38:59.294104+00:00] user_dashboard.INFO: User novels fetched {"user_id":3,"novels_count":1} []
[2025-02-10T16:07:05.848738+00:00] config.INFO: Database connection established. {"host":"mysql","dbname":"novelists_db"} []
[2025-02-10T16:07:07.198487+00:00] user_registration.INFO: Email sent successfully. {"to":"giacomomaldarella9@gmail.com"} []
[2025-02-10T16:07:18.832016+00:00] config.INFO: Database connection established. {"host":"mysql","dbname":"novelists_db"} []
[2025-02-10T16:07:18.835618+00:00] verify.INFO: Email verified successfully. {"email":"giacomomaldarella9@gmail.com"} []
[2025-02-10T16:07:34.332385+00:00] config.INFO: Database connection established. {"host":"mysql","dbname":"novelists_db"} []
[2025-02-10T16:08:44.719092+00:00] config.INFO: Database connection established. {"host":"mysql","dbname":"novelists_db"} []
[2025-02-10T16:08:44.975821+00:00] user_login.INFO: User logged in successfully. {"username":"aaa","ip":"172.18.0.1"} []
[2025-02-10T16:08:44.987558+00:00] config.INFO: Database connection established. {"host":"mysql","dbname":"novelists_db"} []
[2025-02-10T16:09:55.830298+00:00] user_logout.INFO: User logged out. {"username":"aaa"} []
[2025-02-10T16:10:07.690213+00:00] config.INFO: Database connection established. {"host":"mysql","dbname":"novelists_db"} []
[2025-02-10T16:10:07.940717+00:00] user_login.INFO: User logged in successfully. {"username":"aaa","ip":"172.18.0.1"} []
[2025-02-10T16:10:07.953869+00:00] config.INFO: Database connection established. {"host":"mysql","dbname":"novelists_db"} []
[2025-02-10T16:10:34.651414+00:00] user_logout.INFO: User logged out. {"username":"aaa"} []
[2025-02-10T16:12:06.694170+00:00] config.INFO: Database connection established. {"host":"mysql","dbname":"novelists_db"} []
[2025-02-10T16:12:06.970055+00:00] user_login.INFO: User logged in successfully. {"username":"aaa","ip":"172.18.0.1"} []
[2025-02-10T16:12:06.982424+00:00] config.INFO: Database connection established. {"host":"mysql","dbname":"novelists_db"} []
[2025-02-10T16:15:32.024540+00:00] config.INFO: Database connection established. {"host":"mysql","dbname":"novelists_db"} []
[2025-02-10T16:15:32.220324+00:00] config.INFO: Database connection established. {"host":"mysql","dbname":"novelists_db"} []
[2025-02-10T16:15:40.543198+00:00] config.INFO: Database connection established. {"host":"mysql","dbname":"novelists_db"} []
[2025-02-10T16:15:43.455483+00:00] config.INFO: Database connection established. {"host":"mysql","dbname":"novelists_db"} []
[2025-02-10T16:15:43.470645+00:00] user_login.WARNING: Login attempt using unsupported HTTP method. {"method":"GET","ip":"172.18.0.1"} []
[2025-02-10T16:15:51.795569+00:00] config.INFO: Database connection established. {"host":"mysql","dbname":"novelists_db"} []
[2025-02-10T16:15:52.041736+00:00] user_login.INFO: User logged in successfully. {"username":"aaa","ip":"172.18.0.1"} []
[2025-02-10T16:15:52.055904+00:00] config.INFO: Database connection established. {"host":"mysql","dbname":"novelists_db"} []
[2025-02-10T16:16:55.621057+00:00] config.INFO: Database connection established. {"host":"mysql","dbname":"novelists_db"} []
[2025-02-10T16:17:12.944004+00:00] config.INFO: Database connection established. {"host":"mysql","dbname":"novelists_db"} []
[2025-02-10T16:17:14.048557+00:00] forgot_password.INFO: Email sent successfully. {"to":"giacomomaldarella9@gmail.com"} []
[2025-02-10T16:17:14.050183+00:00] forgot_password.INFO: Password reset link sent. {"email":"giacomomaldarella9@gmail.com"} []
[2025-02-10T16:17:22.476661+00:00] config.INFO: Database connection established. {"host":"mysql","dbname":"novelists_db"} []
[2025-02-10T16:18:04.007233+00:00] config.INFO: Database connection established. {"host":"mysql","dbname":"novelists_db"} []
[2025-02-10T16:18:17.151991+00:00] config.INFO: Database connection established. {"host":"mysql","dbname":"novelists_db"} []
[2025-02-10T16:18:17.358665+00:00] config.INFO: Database connection established. {"host":"mysql","dbname":"novelists_db"} []
[2025-02-10T16:20:36.963454+00:00] config.INFO: Database connection established. {"host":"mysql","dbname":"novelists_db"} []
[2025-02-10T16:20:37.152608+00:00] config.INFO: Database connection established. {"host":"mysql","dbname":"novelists_db"} []
[2025-02-10T16:20:43.382506+00:00] config.INFO: Database connection established. {"host":"mysql","dbname":"novelists_db"} []
[2025-02-10T16:20:50.963074+00:00] config.INFO: Database connection established. {"host":"mysql","dbname":"novelists_db"} []
[2025-02-10T16:21:46.074062+00:00] config.INFO: Database connection established. {"host":"mysql","dbname":"novelists_db"} []
[2025-02-10T16:21:47.373970+00:00] user_registration.INFO: Email sent successfully. {"to":"giacomomaldarella9@gmail.com"} []
[2025-02-10T16:21:58.249682+00:00] config.INFO: Database connection established. {"host":"mysql","dbname":"novelists_db"} []
[2025-02-10T16:21:58.254793+00:00] verify.INFO: Email verified successfully. {"email":"giacomomaldarella9@gmail.com"} []
[2025-02-10T16:22:15.691121+00:00] config.INFO: Database connection established. {"host":"mysql","dbname":"novelists_db"} []
[2025-02-10T16:22:15.971921+00:00] user_login.INFO: User logged in successfully. {"username":"aaa","ip":"172.18.0.1"} []
[2025-02-10T16:22:15.984179+00:00] config.INFO: Database connection established. {"host":"mysql","dbname":"novelists_db"} []
[2025-02-10T16:22:17.870419+00:00] user_logout.INFO: User logged out. {"username":"aaa"} []
[2025-02-10T16:24:07.408687+00:00] config.INFO: Database connection established. {"host":"mysql","dbname":"novelists_db"} []
[2025-02-10T16:24:07.605519+00:00] config.INFO: Database connection established. {"host":"mysql","dbname":"novelists_db"} []
[2025-02-10T16:24:13.141094+00:00] config.INFO: Database connection established. {"host":"mysql","dbname":"novelists_db"} []
[2025-02-10T16:27:03.449863+00:00] config.INFO: Database connection established. {"host":"mysql","dbname":"novelists_db"} []
[2025-02-10T16:27:03.657009+00:00] config.INFO: Database connection established. {"host":"mysql","dbname":"novelists_db"} []
[2025-02-10T16:27:08.537190+00:00] config.INFO: Database connection established. {"host":"mysql","dbname":"novelists_db"} []
[2025-02-10T16:27:18.130701+00:00] config.INFO: Database connection established. {"host":"mysql","dbname":"novelists_db"} []
[2025-02-10T16:27:20.567106+00:00] config.INFO: Database connection established. {"host":"mysql","dbname":"novelists_db"} []
[2025-02-10T16:27:21.715425+00:00] forgot_password.INFO: Email sent successfully. {"to":"giacomomaldarella9@gmail.com"} []
[2025-02-10T16:27:21.717192+00:00] forgot_password.INFO: Password reset link sent. {"email":"giacomomaldarella9@gmail.com"} []
[2025-02-10T16:27:29.900811+00:00] config.INFO: Database connection established. {"host":"mysql","dbname":"novelists_db"} []
[2025-02-10T16:27:33.778692+00:00] config.INFO: Database connection established. {"host":"mysql","dbname":"novelists_db"} []
